\BOOKMARK [1][-]{section.1}{\376\377\000I\000n\000t\000r\000o\000d\000u\000c\000t\000i\000o\000n}{}% 1
\BOOKMARK [1][-]{section.2}{\376\377\000D\000\351\000f\000i\000n\000i\000t\000i\000o\000n\000s\000\040\000e\000t\000\040\000p\000r\000o\000p\000r\000i\000\351\000t\000\351\000s}{}% 2
\BOOKMARK [2][-]{subsection.2.1}{\376\377\000D\000\351\000f\000i\000n\000i\000t\000i\000o\000n\000s\000\040\000e\000t\000\040\000p\000r\000o\000p\000r\000i\000\351\000t\000\351\000s\000\040\000d\000'\000u\000n\000e\000\040\000c\000h\000a\000\356\000n\000e\000\040\000d\000e\000\040\000M\000a\000r\000k\000o\000v}{section.2}% 3
\BOOKMARK [3][-]{subsubsection.2.1.1}{\376\377\000\040\000D\000\351\000f\000i\000n\000i\000t\000i\000o\000n}{subsection.2.1}% 4
\BOOKMARK [3][-]{subsubsection.2.1.2}{\376\377\000P\000r\000o\000p\000r\000i\000\351\000t\000\351\000s}{subsection.2.1}% 5
\BOOKMARK [2][-]{subsection.2.2}{\376\377\000D\000\351\000f\000i\000n\000i\000t\000i\000o\000n\000\040\000d\000'\000u\000n\000e\000\040\000c\000h\000a\000\356\000n\000e\000\040\000d\000e\000\040\000M\000a\000r\000k\000o\000v\000\040\000c\000a\000c\000h\000\351\000e}{section.2}% 6
\BOOKMARK [3][-]{subsubsection.2.2.1}{\376\377\000V\000a\000r\000i\000a\000b\000l\000e\000s\000\040\000a\000l\000\351\000a\000t\000o\000i\000r\000e\000s\000\040\000o\000b\000s\000e\000r\000v\000a\000b\000l\000e\000s\000\040\000e\000t\000\040\000c\000a\000c\000h\000\351\000e\000s}{subsection.2.2}% 7
\BOOKMARK [3][-]{subsubsection.2.2.2}{\376\377\000L\000o\000i\000s\000\040\000j\000o\000i\000n\000t\000e\000s\000\040\000e\000t\000\040\000v\000r\000a\000i\000s\000e\000m\000b\000l\000a\000n\000c\000e}{subsection.2.2}% 8
\BOOKMARK [3][-]{subsubsection.2.2.3}{\376\377\000E\000x\000e\000m\000p\000l\000e\000\040\000g\000l\000o\000b\000a\000l\000\040\000d\000'\000u\000n\000e\000\040\000c\000h\000a\000\356\000n\000e\000\040\000d\000e\000\040\000M\000a\000r\000k\000o\000v\000\040\000c\000a\000c\000h\000\351\000e}{subsection.2.2}% 9
\BOOKMARK [3][-]{subsubsection.2.2.4}{\376\377\000R\000e\000m\000a\000r\000q\000u\000e\000s\000\040\000s\000u\000r\000\040\000l\000e\000s\000\040\000o\000b\000s\000e\000r\000v\000a\000t\000i\000o\000n\000s}{subsection.2.2}% 10
\BOOKMARK [1][-]{section.3}{\376\377\000T\000r\000o\000i\000s\000\040\000g\000r\000a\000n\000d\000e\000s\000\040\000p\000r\000o\000b\000l\000\351\000m\000a\000t\000i\000q\000u\000e\000s\000\040\000d\000e\000s\000\040\000H\000M\000M}{}% 11
\BOOKMARK [2][-]{subsection.3.1}{\376\377\000E\000s\000t\000i\000m\000a\000t\000i\000o\000n\000\040\000d\000e\000\040\000l\000a\000\040\000v\000r\000a\000i\000s\000e\000m\000b\000l\000a\000n\000c\000e\000\040\000e\000t\000\040\000a\000l\000g\000o\000r\000i\000t\000h\000m\000e\000\040\000F\000o\000r\000w\000a\000r\000d}{section.3}% 12
\BOOKMARK [2][-]{subsection.3.2}{\376\377\000D\000\351\000c\000o\000d\000a\000g\000e\000\040\000e\000t\000\040\000a\000l\000g\000o\000r\000i\000t\000h\000m\000e\000\040\000d\000e\000\040\000V\000i\000t\000e\000r\000b\000i}{section.3}% 13
\BOOKMARK [3][-]{subsubsection.3.2.1}{\376\377\000L\000'\000a\000l\000g\000o\000r\000i\000t\000h\000m\000e\000\040\000d\000e\000\040\000V\000i\000t\000e\000r\000b\000i}{subsection.3.2}% 14
\BOOKMARK [2][-]{subsection.3.3}{\376\377\000E\000s\000t\000i\000m\000a\000t\000i\000o\000n\000\040\000e\000t\000\040\000A\000l\000g\000o\000r\000i\000t\000h\000m\000e\000\040\000d\000e\000\040\000B\000a\000u\000m\040\023\000W\000e\000l\000c\000h\000\040}{section.3}% 15
\BOOKMARK [1][-]{section.4}{\376\377\000L\000i\000m\000i\000t\000e\000s\000\040\000d\000e\000s\000\040\000a\000l\000g\000o\000r\000i\000t\000h\000m\000e\000s\000\040\000e\000t\000\040\000a\000n\000a\000l\000y\000s\000e\000\040\000d\000e\000\040\000l\000a\000\040\000q\000u\000a\000l\000i\000t\000\351\000\040\000d\000e\000s\000\040\000e\000s\000t\000i\000m\000a\000t\000i\000o\000n\000s}{}% 16
\BOOKMARK [2][-]{subsection.4.1}{\376\377\000L\000i\000m\000i\000t\000e\000s\000\040\000e\000t\000\040\000M\000e\000s\000u\000r\000e\000\040\000d\000e\000\040\000l\000a\000\040\000q\000u\000a\000l\000i\000t\000\351\000\040\000d\000e\000\040\000l\000a\000\040\000v\000r\000a\000i\000s\000e\000m\000b\000l\000a\000n\000c\000e\000\040\000a\000v\000e\000c\000\040\000l\000'\000a\000l\000g\000o\000r\000i\000t\000h\000m\000e\000\040\000F\000o\000r\000w\000a\000r\000d}{section.4}% 17
\BOOKMARK [3][-]{subsubsection.4.1.1}{\376\377\000L\000i\000m\000i\000t\000e\000s\000\040\000d\000e\000\040\000l\000'\000a\000l\000g\000o\000r\000i\000t\000h\000m\000e\000\040\000d\000e\000\040\000f\000o\000r\000w\000a\000r\000d}{subsection.4.1}% 18
\BOOKMARK [3][-]{subsubsection.4.1.2}{\376\377\000I\000n\000t\000e\000r\000p\000r\000\351\000t\000a\000t\000i\000o\000n\000\040\000d\000e\000\040\000l\000a\000\040\000l\000o\000g\000-\000v\000r\000a\000i\000s\000e\000m\000b\000l\000a\000n\000c\000e}{subsection.4.1}% 19
\BOOKMARK [3][-]{subsubsection.4.1.3}{\376\377\000C\000o\000m\000p\000a\000r\000a\000i\000s\000o\000n\000\040\000e\000n\000t\000r\000e\000\040\000m\000o\000d\000\350\000l\000e\000s}{subsection.4.1}% 20
\BOOKMARK [3][-]{subsubsection.4.1.4}{\376\377\000\311\000v\000a\000l\000u\000a\000t\000i\000o\000n\000\040\000h\000o\000r\000s\000\040\000\351\000c\000h\000a\000n\000t\000i\000l\000l\000o\000n}{subsection.4.1}% 21
\BOOKMARK [2][-]{subsection.4.2}{\376\377\000M\000e\000s\000u\000r\000e\000\040\000d\000e\000\040\000l\000a\000\040\000q\000u\000a\000l\000i\000t\000\351\000\040\000d\000u\000\040\000d\000\351\000c\000o\000d\000a\000g\000e\000\040\000p\000a\000r\000\040\000V\000i\000t\000e\000r\000b\000i}{section.4}% 22
\BOOKMARK [3][-]{subsubsection.4.2.1}{\376\377\000D\000i\000f\000f\000i\000c\000u\000l\000t\000\351\000\040\000d\000e\000\040\000l\000'\000\351\000v\000a\000l\000u\000a\000t\000i\000o\000n\000\040\000s\000u\000r\000\040\000d\000o\000n\000n\000\351\000e\000s\000\040\000r\000\351\000e\000l\000l\000e\000s}{subsection.4.2}% 23
\BOOKMARK [3][-]{subsubsection.4.2.2}{\376\377\000I\000n\000t\000e\000r\000p\000r\000\351\000t\000a\000t\000i\000o\000n\000\040\000\351\000c\000o\000n\000o\000m\000i\000q\000u\000e\000\040\000d\000e\000s\000\040\000r\000\351\000g\000i\000m\000e\000s\000\040\000d\000\351\000t\000e\000c\000t\000\351\000s}{subsection.4.2}% 24
\BOOKMARK [3][-]{subsubsection.4.2.3}{\376\377\000C\000o\000m\000p\000a\000r\000a\000i\000s\000o\000n\000\040\000a\000v\000e\000c\000\040\000l\000e\000\040\000p\000o\000s\000t\000e\000r\000i\000o\000r\000\040\000d\000e\000c\000o\000d\000i\000n\000g}{subsection.4.2}% 25
\BOOKMARK [2][-]{subsection.4.3}{\376\377\000M\000e\000s\000u\000r\000e\000\040\000d\000e\000\040\000l\000a\000\040\000q\000u\000a\000l\000i\000t\000\351\000\040\000d\000e\000s\000\040\000e\000s\000t\000i\000m\000a\000t\000i\000o\000n\000s\000\040\000d\000e\000\040\000B\000a\000u\000m\040\023\000W\000e\000l\000c\000h}{section.4}% 26
\BOOKMARK [3][-]{subsubsection.4.3.1}{\376\377\000C\000o\000n\000v\000e\000r\000g\000e\000n\000c\000e\000\040\000d\000e\000\040\000l\000a\000\040\000l\000o\000g\000-\000v\000r\000a\000i\000s\000e\000m\000b\000l\000a\000n\000c\000e}{subsection.4.3}% 27
\BOOKMARK [3][-]{subsubsection.4.3.2}{\376\377\000S\000t\000a\000b\000i\000l\000i\000t\000\351\000\040\000d\000e\000s\000\040\000p\000a\000r\000a\000m\000\350\000t\000r\000e\000s\000\040\000e\000s\000t\000i\000m\000\351\000s}{subsection.4.3}% 28
\BOOKMARK [3][-]{subsubsection.4.3.3}{\376\377\000I\000n\000t\000e\000r\000p\000r\000\351\000t\000a\000t\000i\000o\000n\000\040\000\351\000c\000o\000n\000o\000m\000i\000q\000u\000e\000\040\000d\000e\000s\000\040\000r\000\351\000g\000i\000m\000e\000s}{subsection.4.3}% 29
\BOOKMARK [3][-]{subsubsection.4.3.4}{\376\377\000V\000a\000l\000i\000d\000a\000t\000i\000o\000n\000\040\000h\000o\000r\000s\000\040\000\351\000c\000h\000a\000n\000t\000i\000l\000l\000o\000n}{subsection.4.3}% 30
\BOOKMARK [1][-]{section.5}{\376\377\000S\000i\000m\000u\000l\000a\000t\000i\000o\000n\000\040\000d\000'\000u\000n\000\040\000H\000M\000M\000\040\000e\000t\000\040\000a\000p\000p\000l\000i\000c\000a\000t\000i\000o\000n\000\040\000\340\000\040\000d\000e\000s\000\040\000d\000o\000n\000n\000\351\000e\000s\000\040\000f\000i\000n\000a\000n\000c\000i\000\350\000r\000e\000s}{}% 31
\BOOKMARK [2][-]{subsection.5.1}{\376\377\000J\000e\000u\000\040\000d\000e\000\040\000d\000o\000n\000n\000\351\000e\000s\000\040\000s\000i\000m\000u\000l\000\351}{section.5}% 32
\BOOKMARK [2][-]{subsection.5.2}{\376\377\000A\000p\000p\000l\000i\000c\000a\000t\000i\000o\000n\000\040\000d\000e\000s\000\040\000a\000l\000g\000o\000r\000i\000t\000h\000m\000e\000s\000\040\000s\000u\000r\000\040\000d\000o\000n\000n\000\351\000e\000s\000\040\000s\000i\000m\000u\000l\000\351\000e\000s}{section.5}% 33
\BOOKMARK [2][-]{subsection.5.3}{\376\377\000I\000n\000t\000e\000r\000p\000r\000\351\000t\000a\000t\000i\000o\000n\000\040\000d\000e\000s\000\040\000r\000\351\000s\000u\000l\000t\000a\000t\000s\000\040\000o\000b\000t\000e\000n\000u\000s\000\040\000s\000u\000r\000\040\000l\000e\000s\000\040\000d\000o\000n\000n\000\351\000e\000s\000\040\000s\000i\000m\000u\000l\000\351\000e\000s}{section.5}% 34
\BOOKMARK [3][-]{subsubsection.5.3.1}{\376\377\000A\000n\000a\000l\000y\000s\000e\000\040\000d\000u\000\040\000p\000r\000o\000b\000l\000\350\000m\000e\000\040\000d\000e\000\040\000F\000o\000r\000w\000a\000r\000d}{subsection.5.3}% 35
\BOOKMARK [3][-]{subsubsection.5.3.2}{\376\377\000A\000n\000a\000l\000y\000s\000e\000\040\000d\000u\000\040\000p\000r\000o\000b\000l\000\350\000m\000e\000\040\000d\000e\000\040\000V\000i\000t\000e\000r\000b\000i}{subsection.5.3}% 36
\BOOKMARK [3][-]{subsubsection.5.3.3}{\376\377\000A\000n\000a\000l\000y\000s\000e\000\040\000d\000u\000\040\000p\000r\000o\000b\000l\000\350\000m\000e\000\040\000d\000e\000\040\000B\000a\000u\000m\000-\000W\000e\000l\000c\000h}{subsection.5.3}% 37
\BOOKMARK [2][-]{subsection.5.4}{\376\377\000D\000\351\000t\000e\000c\000t\000i\000o\000n\000\040\000d\000e\000\040\000r\000\351\000g\000i\000m\000e\000s\000\040\000d\000e\000\040\000v\000o\000l\000a\000t\000i\000l\000i\000t\000\351\000\040\000s\000u\000r\000\040\000l\000e\000\040\000V\000I\000X}{section.5}% 38
\BOOKMARK [2][-]{subsection.5.5}{\376\377\000A\000n\000a\000l\000y\000s\000e\000\040\000d\000e\000\040\000l\000a\000\040\000q\000u\000a\000l\000i\000t\000\351\000\040\000d\000e\000\040\000l\000'\000e\000s\000t\000i\000m\000a\000t\000i\000o\000n\000\040\000B\000a\000u\000m\040\023\000W\000e\000l\000c\000h\000\040\000s\000u\000r\000\040\000l\000e\000\040\000V\000I\000X}{section.5}% 39
\BOOKMARK [1][-]{section.6}{\376\377\000R\000\351\000f\000\351\000r\000e\000n\000c\000e\000s}{}% 40
